error: marigold parse error: Parse error: Bounded type validation failed:
         - Bounds violation for field 'Sensor.reading': min (100) is greater than max (0)
  --> compile_fail/min_greater_than_max.rs:6:13
   |
 6 |       let _ = m!(
   |  _____________^
 7 | |         struct Sensor {
 8 | |             reading: int[100, 0]
...  |
11 | |     )
   | |_____^
   |
   = note: this error originates in the macro `m` (in Nightly builds, run with -Z macro-backtrace for more info)

error[E0282]: type annotations needed
  --> compile_fail/min_greater_than_max.rs:6:13
   |
 6 |       let _ = m!(
   |  _____________^
 7 | |         struct Sensor {
 8 | |             reading: int[100, 0]
...  |
12 | |     .await
   | |__________^ cannot infer type
