error: marigold parse error: Parse error: Bounded type validation failed:
         - Bounds violation for field 'Sensor.reading': uint[] cannot have negative min value (-1)
  --> compile_fail/negative_min_uint.rs:6:13
   |
 6 |       let _ = m!(
   |  _____________^
 7 | |         struct Sensor {
 8 | |             reading: uint[-1, 10]
...  |
11 | |     )
   | |_____^
   |
   = note: this error originates in the macro `m` (in Nightly builds, run with -Z macro-backtrace for more info)

error[E0282]: type annotations needed
  --> compile_fail/negative_min_uint.rs:6:13
   |
 6 |       let _ = m!(
   |  _____________^
 7 | |         struct Sensor {
 8 | |             reading: uint[-1, 10]
...  |
12 | |     .await
   | |__________^ cannot infer type
